# JRE version: Java(TM) SE Runtime Environment (8.0_45-b14) (build 1.8.0_45-b14)
# Java VM: Java HotSpot(TM) 64-Bit Server VM (25.45-b02 mixed mode bsd-amd64 compressed oops)
Heap:
 PSYoungGen      total 292352K, used 254897K [0x00000007aab00000, 0x00000007bd780000, 0x00000007c0000000)
  eden space 276992K, 92% used [0x00000007aab00000,0x00000007ba3ec548,0x00000007bb980000)
  from space 15360K, 0% used [0x00000007bc880000,0x00000007bc880000,0x00000007bd780000)
  to   space 15360K, 0% used [0x00000007bb980000,0x00000007bb980000,0x00000007bc880000)
 ParOldGen       total 61952K, used 29436K [0x0000000780000000, 0x0000000783c80000, 0x00000007aab00000)
  object space 61952K, 47% used [0x0000000780000000,0x0000000781cbf298,0x0000000783c80000)
 Metaspace       used 53869K, capacity 54568K, committed 55000K, reserved 1097728K
  class space    used 6633K, capacity 6825K, committed 6912K, reserved 1048576K
GC Heap History (10 events):
Event: 406.503 GC heap before
{Heap before GC invocations=16 (full 2):
 PSYoungGen      total 192512K, used 29072K [0x00000007aab00000, 0x00000007ba480000, 0x00000007c0000000)
  eden space 178176K, 9% used [0x00000007aab00000,0x00000007abc57408,0x00000007b5900000)
  from space 14336K, 78% used [0x00000007b5900000,0x00000007b640cd98,0x00000007b6700000)
  to   space 15360K, 0% used [0x00000007b9580000,0x00000007b9580000,0x00000007ba480000)
 ParOldGen       total 61952K, used 30024K [0x0000000780000000, 0x0000000783c80000, 0x00000007aab00000)
  object space 61952K, 48% used [0x0000000780000000,0x0000000781d521f8,0x0000000783c80000)
 Metaspace       used 52508K, capacity 53024K, committed 53592K, reserved 1095680K
  class space    used 6573K, capacity 6708K, committed 6784K, reserved 1048576K
Event: 406.517 GC heap after
Heap after GC invocations=16 (full 2):
 PSYoungGen      total 239104K, used 6376K [0x00000007aab00000, 0x00000007ba380000, 0x00000007c0000000)
  eden space 224768K, 0% used [0x00000007aab00000,0x00000007aab00000,0x00000007b8680000)
  from space 14336K, 44% used [0x00000007b9580000,0x00000007b9bba080,0x00000007ba380000)
  to   space 14848K, 0% used [0x00000007b8680000,0x00000007b8680000,0x00000007b9500000)
 ParOldGen       total 61952K, used 30032K [0x0000000780000000, 0x0000000783c80000, 0x00000007aab00000)
  object space 61952K, 48% used [0x0000000780000000,0x0000000781d541f8,0x0000000783c80000)
 Metaspace       used 52508K, capacity 53024K, committed 53592K, reserved 1095680K
  class space    used 6573K, capacity 6708K, committed 6784K, reserved 1048576K
}
Event: 406.517 GC heap before
{Heap before GC invocations=17 (full 3):
 PSYoungGen      total 239104K, used 6376K [0x00000007aab00000, 0x00000007ba380000, 0x00000007c0000000)
  eden space 224768K, 0% used [0x00000007aab00000,0x00000007aab00000,0x00000007b8680000)
  from space 14336K, 44% used [0x00000007b9580000,0x00000007b9bba080,0x00000007ba380000)
  to   space 14848K, 0% used [0x00000007b8680000,0x00000007b8680000,0x00000007b9500000)
 ParOldGen       total 61952K, used 30032K [0x0000000780000000, 0x0000000783c80000, 0x00000007aab00000)
  object space 61952K, 48% used [0x0000000780000000,0x0000000781d541f8,0x0000000783c80000)
 Metaspace       used 52508K, capacity 53024K, committed 53592K, reserved 1095680K
  class space    used 6573K, capacity 6708K, committed 6784K, reserved 1048576K
Event: 406.957 GC heap after
Heap after GC invocations=17 (full 3):
 PSYoungGen      total 239104K, used 0K [0x00000007aab00000, 0x00000007ba380000, 0x00000007c0000000)
  eden space 224768K, 0% used [0x00000007aab00000,0x00000007aab00000,0x00000007b8680000)
  from space 14336K, 0% used [0x00000007b9580000,0x00000007b9580000,0x00000007ba380000)
  to   space 14848K, 0% used [0x00000007b8680000,0x00000007b8680000,0x00000007b9500000)
 ParOldGen       total 61952K, used 26871K [0x0000000780000000, 0x0000000783c80000, 0x00000007aab00000)
  object space 61952K, 43% used [0x0000000780000000,0x0000000781a3dff8,0x0000000783c80000)
 Metaspace       used 52508K, capacity 53024K, committed 53592K, reserved 1095680K
  class space    used 6573K, capacity 6708K, committed 6784K, reserved 1048576K
}
Event: 421.080 GC heap before
{Heap before GC invocations=18 (full 3):
 PSYoungGen      total 239104K, used 224768K [0x00000007aab00000, 0x00000007ba380000, 0x00000007c0000000)
  eden space 224768K, 100% used [0x00000007aab00000,0x00000007b8680000,0x00000007b8680000)
  from space 14336K, 0% used [0x00000007b9580000,0x00000007b9580000,0x00000007ba380000)
  to   space 14848K, 0% used [0x00000007b8680000,0x00000007b8680000,0x00000007b9500000)
 ParOldGen       total 61952K, used 26871K [0x0000000780000000, 0x0000000783c80000, 0x00000007aab00000)
  object space 61952K, 43% used [0x0000000780000000,0x0000000781a3dff8,0x0000000783c80000)
 Metaspace       used 53277K, capacity 53934K, committed 54360K, reserved 1097728K
  class space    used 6608K, capacity 6773K, committed 6784K, reserved 1048576K
Event: 421.117 GC heap after
Heap after GC invocations=18 (full 3):
 PSYoungGen      total 239616K, used 10636K [0x00000007aab00000, 0x00000007bd780000, 0x00000007c0000000)
  eden space 224768K, 0% used [0x00000007aab00000,0x00000007aab00000,0x00000007b8680000)
  from space 14848K, 71% used [0x00000007b8680000,0x00000007b90e3148,0x00000007b9500000)
  to   space 15360K, 0% used [0x00000007bc880000,0x00000007bc880000,0x00000007bd780000)
 ParOldGen       total 61952K, used 26879K [0x0000000780000000, 0x0000000783c80000, 0x00000007aab00000)
  object space 61952K, 43% used [0x0000000780000000,0x0000000781a3fff8,0x0000000783c80000)
 Metaspace       used 53277K, capacity 53934K, committed 54360K, reserved 1097728K
  class space    used 6608K, capacity 6773K, committed 6784K, reserved 1048576K
}
Event: 614.350 GC heap before
{Heap before GC invocations=19 (full 3):
 PSYoungGen      total 239616K, used 46914K [0x00000007aab00000, 0x00000007bd780000, 0x00000007c0000000)
  eden space 224768K, 16% used [0x00000007aab00000,0x00000007ace6d950,0x00000007b8680000)
  from space 14848K, 71% used [0x00000007b8680000,0x00000007b90e3148,0x00000007b9500000)
  to   space 15360K, 0% used [0x00000007bc880000,0x00000007bc880000,0x00000007bd780000)
 ParOldGen       total 61952K, used 26879K [0x0000000780000000, 0x0000000783c80000, 0x00000007aab00000)
  object space 61952K, 43% used [0x0000000780000000,0x0000000781a3fff8,0x0000000783c80000)
 Metaspace       used 53342K, capacity 53940K, committed 54360K, reserved 1097728K
  class space    used 6610K, capacity 6775K, committed 6784K, reserved 1048576K
Event: 614.374 GC heap after
Heap after GC invocations=19 (full 3):
 PSYoungGen      total 292352K, used 3872K [0x00000007aab00000, 0x00000007bd780000, 0x00000007c0000000)
  eden space 276992K, 0% used [0x00000007aab00000,0x00000007aab00000,0x00000007bb980000)
  from space 15360K, 25% used [0x00000007bc880000,0x00000007bcc48030,0x00000007bd780000)
  to   space 15360K, 0% used [0x00000007bb980000,0x00000007bb980000,0x00000007bc880000)
 ParOldGen       total 61952K, used 26887K [0x0000000780000000, 0x0000000783c80000, 0x00000007aab00000)
  object space 61952K, 43% used [0x0000000780000000,0x0000000781a41ff8,0x0000000783c80000)
 Metaspace       used 53342K, capacity 53940K, committed 54360K, reserved 1097728K
  class space    used 6610K, capacity 6775K, committed 6784K, reserved 1048576K
}
Event: 614.374 GC heap before
{Heap before GC invocations=20 (full 4):
 PSYoungGen      total 292352K, used 3872K [0x00000007aab00000, 0x00000007bd780000, 0x00000007c0000000)
  eden space 276992K, 0% used [0x00000007aab00000,0x00000007aab00000,0x00000007bb980000)
  from space 15360K, 25% used [0x00000007bc880000,0x00000007bcc48030,0x00000007bd780000)
  to   space 15360K, 0% used [0x00000007bb980000,0x00000007bb980000,0x00000007bc880000)
 ParOldGen       total 61952K, used 26887K [0x0000000780000000, 0x0000000783c80000, 0x00000007aab00000)
  object space 61952K, 43% used [0x0000000780000000,0x0000000781a41ff8,0x0000000783c80000)
 Metaspace       used 53342K, capacity 53940K, committed 54360K, reserved 1097728K
  class space    used 6610K, capacity 6775K, committed 6784K, reserved 1048576K
Event: 614.761 GC heap after
Heap after GC invocations=20 (full 4):
 PSYoungGen      total 292352K, used 0K [0x00000007aab00000, 0x00000007bd780000, 0x00000007c0000000)
  eden space 276992K, 0% used [0x00000007aab00000,0x00000007aab00000,0x00000007bb980000)
  from space 15360K, 0% used [0x00000007bc880000,0x00000007bc880000,0x00000007bd780000)
  to   space 15360K, 0% used [0x00000007bb980000,0x00000007bb980000,0x00000007bc880000)
 ParOldGen       total 61952K, used 29436K [0x0000000780000000, 0x0000000783c80000, 0x00000007aab00000)
  object space 61952K, 47% used [0x0000000780000000,0x0000000781cbf298,0x0000000783c80000)
 Metaspace       used 53342K, capacity 53940K, committed 54360K, reserved 1097728K
  class space    used 6610K, capacity 6775K, committed 6784K, reserved 1048576K
}

